<?xml version="1.0" encoding="UTF-8"?>
<!-- Generated by org.testng.reporters.JUnitReportReporter -->
<testsuite hostname="LAPTOP-JTLE8G7V" failures="0" tests="3" name="Test.FaceBookLoginTest" time="22.853" errors="0" timestamp="2022-10-22T17:35:06 IST" skipped="0">
  <testcase classname="Test.FaceBookLoginTest" name="Singupp" time="6.131"/>
  <system-out/>
  <testcase classname="Test.FaceBookLoginTest" name="ValidLogPage" time="8.560"/>
  <system-out/>
  <testcase classname="Test.FaceBookLoginTest" name="selectmo" time="8.162"/>
  <system-out/>
</testsuite> <!-- Test.FaceBookLoginTest -->
